E:\电脑\CFASSIST\CFAUTOFIRE\DEBUG\CFAUTOFIRE.PCH
E:\电脑\CFASSIST\CFAUTOFIRE\DEBUG\STDAFX.OBJ
E:\电脑\CFASSIST\CFAUTOFIRE\DEBUG\VC110.PDB
E:\电脑\CFASSIST\CFAUTOFIRE\DEBUG\CFAUTOFIRE.OBJ
E:\电脑\CFASSIST\CFAUTOFIRE\DEBUG\KEYBOARDMOUSE.OBJ
E:\电脑\CFASSIST\CFAUTOFIRE\DEBUG\SCREEN.OBJ
E:\电脑\CFASSIST\DEBUG\CFAUTOFIRE.ILK
E:\电脑\CFASSIST\DEBUG\CFAUTOFIRE.EXE
E:\电脑\CFASSIST\DEBUG\CFAUTOFIRE.PDB
E:\电脑\CfAssist\CfAutoFire\Debug\CfAutoFire.obj
E:\电脑\CfAssist\CfAutoFire\Debug\KeyboardMouse.obj
E:\电脑\CfAssist\CfAutoFire\Debug\Screen.obj
E:\电脑\CfAssist\CfAutoFire\Debug\stdafx.obj
E:\电脑\CfAssist\CfAutoFire\Debug\cl.command.1.tlog
E:\电脑\CfAssist\CfAutoFire\Debug\CL.read.1.tlog
E:\电脑\CfAssist\CfAutoFire\Debug\CL.write.1.tlog
E:\电脑\CfAssist\CfAutoFire\Debug\link-cvtres.read.1.tlog
E:\电脑\CfAssist\CfAutoFire\Debug\link-cvtres.write.1.tlog
E:\电脑\CfAssist\CfAutoFire\Debug\link-rc.read.1.tlog
E:\电脑\CfAssist\CfAutoFire\Debug\link-rc.write.1.tlog
E:\电脑\CfAssist\CfAutoFire\Debug\link.command.1.tlog
E:\电脑\CfAssist\CfAutoFire\Debug\link.read.1.tlog
E:\电脑\CfAssist\CfAutoFire\Debug\link.write.1.tlog
E:\电脑\CfAssist\CfAutoFire\Debug\CfAutoFire.pch
E:\电脑\CfAssist\CfAutoFire\Debug\vc110.idb
E:\电脑\CfAssist\CfAutoFire\Debug\vc110.pdb
E:\电脑\CfAssist\Debug\CfAutoFire.pdb
E:\电脑\CfAssist\Debug\CfAutoFire.exe
E:\电脑\CfAssist\Debug\CfAutoFire.ilk
