E:\电脑\CFAUTOFIRE\CFAUTOFIRE\RELEASE\CFAUTOFIRE.PCH
E:\电脑\CFAUTOFIRE\CFAUTOFIRE\RELEASE\STDAFX.OBJ
E:\电脑\CFAUTOFIRE\CFAUTOFIRE\RELEASE\VC110.PDB
E:\电脑\CFAUTOFIRE\CFAUTOFIRE\RELEASE\SCREEN.OBJ
E:\电脑\CFAUTOFIRE\CFAUTOFIRE\RELEASE\KEYBOARDMOUSE.OBJ
E:\电脑\CFAUTOFIRE\CFAUTOFIRE\RELEASE\CFAUTOFIRE.OBJ
E:\电脑\CFAUTOFIRE\RELEASE\CFAUTOFIRE.EXE
E:\电脑\CFAUTOFIRE\RELEASE\CFAUTOFIRE.PDB
E:\电脑\CfAutoFire\CfAutoFire\Release\CfAutoFire.obj
E:\电脑\CfAutoFire\CfAutoFire\Release\KeyboardMouse.obj
E:\电脑\CfAutoFire\CfAutoFire\Release\Screen.obj
E:\电脑\CfAutoFire\CfAutoFire\Release\stdafx.obj
E:\电脑\CfAutoFire\CfAutoFire\Release\cl.command.1.tlog
E:\电脑\CfAutoFire\CfAutoFire\Release\CL.read.1.tlog
E:\电脑\CfAutoFire\CfAutoFire\Release\CL.write.1.tlog
E:\电脑\CfAutoFire\CfAutoFire\Release\link-cvtres.read.1.tlog
E:\电脑\CfAutoFire\CfAutoFire\Release\link-cvtres.write.1.tlog
E:\电脑\CfAutoFire\CfAutoFire\Release\link-rc.read.1.tlog
E:\电脑\CfAutoFire\CfAutoFire\Release\link-rc.write.1.tlog
E:\电脑\CfAutoFire\CfAutoFire\Release\link.command.1.tlog
E:\电脑\CfAutoFire\CfAutoFire\Release\link.read.1.tlog
E:\电脑\CfAutoFire\CfAutoFire\Release\link.write.1.tlog
E:\电脑\CfAutoFire\CfAutoFire\Release\CfAutoFire.pch
E:\电脑\CfAutoFire\CfAutoFire\Release\vc110.pdb
E:\电脑\CfAutoFire\Release\CfAutoFire.pdb
E:\电脑\CfAutoFire\Release\CfAutoFire.exe
